<?xml version="1.0" encoding="UTF-8"?>
<!-- Generated by org.testng.reporters.JUnitXMLReporter -->
<testsuite hostname="administrator-Latitude-E5570" name="Test" tests="1" failures="1" timestamp="31 Jul 2019 16:53:56 GMT" time="0.026" errors="0">
  <testcase name="validLogin" time="0.009" classname="test.login.LoginTestCase">
    <failure type="java.io.FileNotFoundException" message="/home/vinayak/workspace/WebApplication/File/login.properties (No such file or directory)">
      <![CDATA[java.io.FileNotFoundException: /home/vinayak/workspace/WebApplication/File/login.properties (No such file or directory)
	at java.io.FileInputStream.open0(Native Method)
	at java.io.FileInputStream.open(FileInputStream.java:195)
	at java.io.FileInputStream.<init>(FileInputStream.java:138)
	at test.login.loginConfig.openUrl(loginConfig.java:18)
	at test.login.LoginTestCase.validLogin(LoginTestCase.java:13)
... Removed 27 stack frames]]>
    </failure>
  </testcase> <!-- validLogin -->
</testsuite> <!-- Test -->
