-------------------------------------------------------------------------------
Test set: TestSuite
-------------------------------------------------------------------------------
Tests run: 1, Failures: 1, Errors: 0, Skipped: 0, Time elapsed: 0.303 s <<< FAILURE! - in TestSuite
validLogin(test.login.LoginTestCase)  Time elapsed: 0.014 s  <<< FAILURE!
java.io.FileNotFoundException: /home/vinayak/workspace/WebApplication/File/login.properties (No such file or directory)
	at test.login.LoginTestCase.validLogin(LoginTestCase.java:13)

